<?xml version="1.0" encoding="UTF-8"?>
<!-- Generated by org.testng.reporters.JUnitReportReporter -->
<testsuite hostname="MSI" failures="0" tests="1" name="amazon.testcases.loginpagetest" time="7.805" errors="0" timestamp="2023-05-06T13:12:00 IST" skipped="0">
  <testcase classname="amazon.testcases.loginpagetest" name="logintest" time="7.805"/>
  <system-out/>
</testsuite> <!-- amazon.testcases.loginpagetest -->
