<?xml version="1.0" encoding="UTF-8"?>
<!-- Generated by org.testng.reporters.JUnitReportReporter -->
<testsuite hostname="QT-INBG-LT0475" failures="0" tests="1" name="myntrademo.myntratest" time="17.478" errors="0" timestamp="2023-01-31T15:02:33 IST" skipped="0">
  <testcase classname="myntrademo.myntratest" name="myntra" time="17.478"/>
  <system-out/>
</testsuite> <!-- myntrademo.myntratest -->
