<?xml version="1.0" encoding="UTF-8"?>
<!-- Generated by org.testng.reporters.JUnitReportReporter -->
<testsuite hostname="MSI" failures="0" tests="2" name="amazon.testcases.indexpagetest" time="15.801" errors="0" timestamp="2023-05-06T13:11:15 IST" skipped="0">
  <testcase classname="amazon.testcases.indexpagetest" name="verifytitle" time="11.149"/>
  <system-out/>
  <testcase classname="amazon.testcases.indexpagetest" name="verifylogo" time="4.652"/>
  <system-out/>
</testsuite> <!-- amazon.testcases.indexpagetest -->
